TN:
SF:src\utils\projectUtils.js
FN:9,calcAvance
FN:11,(anonymous_1)
FN:20,formatDate
FN:41,buildDirectChatId
FN:42,(anonymous_4)
FN:50,buildProjectChatId
FN:60,truncateText
FN:71,colorEstado
FN:85,formatCOP
FNF:9
FNH:9
FNDA:6,calcAvance
FNDA:9,(anonymous_1)
FNDA:5,formatDate
FNDA:4,buildDirectChatId
FNDA:4,(anonymous_4)
FNDA:1,buildProjectChatId
FNDA:4,truncateText
FNDA:6,colorEstado
FNDA:6,formatCOP
DA:10,6
DA:11,9
DA:12,4
DA:21,5
DA:22,2
DA:23,2
DA:29,0
DA:42,4
DA:51,1
DA:61,4
DA:62,2
DA:63,1
DA:72,6
DA:77,6
DA:86,6
DA:87,3
LF:16
LH:15
BRDA:9,0,0,1
BRDA:10,1,0,2
BRDA:10,1,1,4
BRDA:11,2,0,9
BRDA:11,2,1,4
BRDA:21,3,0,3
BRDA:21,3,1,2
BRDA:61,4,0,2
BRDA:61,4,1,2
BRDA:62,5,0,1
BRDA:62,5,1,1
BRDA:77,6,0,6
BRDA:77,6,1,3
BRDA:86,7,0,3
BRDA:86,7,1,3
BRDA:86,8,0,6
BRDA:86,8,1,5
BRDA:86,8,2,4
BRF:18
BRH:18
end_of_record
